action: py38, msg: getenv
cwd: D:\Files\Stanley Solutions\electricpy
cmd: 'D:\Files\Stanley Solutions\electricpy\.tox\py38\Scripts\python.EXE' -m pip install scipy sympy numpy matplotlib numdifftools
Collecting scipy
  Using cached scipy-1.4.1-cp38-cp38-win_amd64.whl (31.0 MB)
Collecting sympy
  Downloading sympy-1.5.1-py2.py3-none-any.whl (5.6 MB)
Collecting numpy
  Downloading numpy-1.18.3-cp38-cp38-win_amd64.whl (12.8 MB)
Collecting matplotlib
  Downloading matplotlib-3.2.1-cp38-cp38-win_amd64.whl (9.2 MB)
Collecting numdifftools
  Using cached numdifftools-0.9.39-py2.py3-none-any.whl (953 kB)
Processing c:\users\joe stanley\appdata\local\pip\cache\wheels\63\9d\8e\37c3f6506ed3f152733a699e92d8e0c9f5e5f01dea262f80ad\mpmath-1.1.0-cp38-none-any.whl
Collecting cycler>=0.10
  Using cached cycler-0.10.0-py2.py3-none-any.whl (6.5 kB)
Collecting python-dateutil>=2.1
  Using cached python_dateutil-2.8.1-py2.py3-none-any.whl (227 kB)
Collecting kiwisolver>=1.0.1
  Downloading kiwisolver-1.2.0-cp38-none-win_amd64.whl (58 kB)
Collecting pyparsing!=2.0.4,!=2.1.2,!=2.1.6,>=2.0.1
  Downloading pyparsing-2.4.7-py2.py3-none-any.whl (67 kB)
Collecting six
  Using cached six-1.14.0-py2.py3-none-any.whl (10 kB)
Installing collected packages: numpy, scipy, mpmath, sympy, six, cycler, python-dateutil, kiwisolver, pyparsing, matplotlib, numdifftools
Successfully installed cycler-0.10.0 kiwisolver-1.2.0 matplotlib-3.2.1 mpmath-1.1.0 numdifftools-0.9.39 numpy-1.18.3 pyparsing-2.4.7 python-dateutil-2.8.1 scipy-1.4.1 six-1.14.0 sympy-1.5.1
