action: GLOB, msg: packaging
cwd: D:\Files\Stanley Solutions\electricpy
cmd: 'c:\users\joe stanley\appdata\local\programs\python\python38\python.exe' setup.py sdist --formats=zip --dist-dir '.tox\dist'
Setup for: electricpy    Version: 0.1.7
running sdist
running egg_info
writing electricpy.egg-info\PKG-INFO
writing dependency_links to electricpy.egg-info\dependency_links.txt
writing top-level names to electricpy.egg-info\top_level.txt
reading manifest file 'electricpy.egg-info\SOURCES.txt'
writing manifest file 'electricpy.egg-info\SOURCES.txt'
running check
creating electricpy-0.1.7
creating electricpy-0.1.7\electricpy
creating electricpy-0.1.7\electricpy.egg-info
copying files to electricpy-0.1.7...
copying README.md -> electricpy-0.1.7
copying setup.py -> electricpy-0.1.7
copying electricpy\__init__.py -> electricpy-0.1.7\electricpy
copying electricpy\bode.py -> electricpy-0.1.7\electricpy
copying electricpy\constants.py -> electricpy-0.1.7\electricpy
copying electricpy\fault.py -> electricpy-0.1.7\electricpy
copying electricpy\sim.py -> electricpy-0.1.7\electricpy
copying electricpy.egg-info\PKG-INFO -> electricpy-0.1.7\electricpy.egg-info
copying electricpy.egg-info\SOURCES.txt -> electricpy-0.1.7\electricpy.egg-info
copying electricpy.egg-info\dependency_links.txt -> electricpy-0.1.7\electricpy.egg-info
copying electricpy.egg-info\top_level.txt -> electricpy-0.1.7\electricpy.egg-info
Writing electricpy-0.1.7\setup.cfg
creating '.tox\dist\electricpy-0.1.7.zip' and adding 'electricpy-0.1.7' to it
adding 'electricpy-0.1.7'
adding 'electricpy-0.1.7\electricpy'
adding 'electricpy-0.1.7\electricpy.egg-info'
adding 'electricpy-0.1.7\PKG-INFO'
adding 'electricpy-0.1.7\README.md'
adding 'electricpy-0.1.7\setup.cfg'
adding 'electricpy-0.1.7\setup.py'
adding 'electricpy-0.1.7\electricpy\bode.py'
adding 'electricpy-0.1.7\electricpy\constants.py'
adding 'electricpy-0.1.7\electricpy\fault.py'
adding 'electricpy-0.1.7\electricpy\sim.py'
adding 'electricpy-0.1.7\electricpy\__init__.py'
adding 'electricpy-0.1.7\electricpy.egg-info\dependency_links.txt'
adding 'electricpy-0.1.7\electricpy.egg-info\PKG-INFO'
adding 'electricpy-0.1.7\electricpy.egg-info\SOURCES.txt'
adding 'electricpy-0.1.7\electricpy.egg-info\top_level.txt'
removing 'electricpy-0.1.7' (and everything under it)
